# JRE version: OpenJDK Runtime Environment (8.0_112-b06) (build 1.8.0_112-release-b06)
# Java VM: OpenJDK 64-Bit Server VM (25.112-b06 mixed mode windows-amd64 compressed oops)
Heap:
 PSYoungGen      total 302080K, used 189879K [0x00000000d5580000, 0x00000000ec600000, 0x0000000100000000)
  eden space 226304K, 73% used [0x00000000d5580000,0x00000000df879ac0,0x00000000e3280000)
  from space 75776K, 30% used [0x00000000e7c00000,0x00000000e9274220,0x00000000ec600000)
  to   space 75264K, 0% used [0x00000000e3280000,0x00000000e3280000,0x00000000e7c00000)
 ParOldGen       total 196608K, used 55645K [0x0000000080000000, 0x000000008c000000, 0x00000000d5580000)
  object space 196608K, 28% used [0x0000000080000000,0x0000000083657718,0x000000008c000000)
 Metaspace       used 75435K, capacity 79266K, committed 81240K, reserved 1120256K
  class space    used 9497K, capacity 10183K, committed 10624K, reserved 1048576K
GC Heap History (10 events):
Event: 9842.845 GC heap before
{Heap before GC invocations=38 (full 3):
 PSYoungGen      total 288256K, used 265747K [0x00000000d5580000, 0x00000000ec100000, 0x0000000100000000)
  eden space 220672K, 98% used [0x00000000d5580000,0x00000000e29fd400,0x00000000e2d00000)
  from space 67584K, 71% used [0x00000000e7f00000,0x00000000eae07b40,0x00000000ec100000)
  to   space 75776K, 0% used [0x00000000e2d00000,0x00000000e2d00000,0x00000000e7700000)
 ParOldGen       total 146432K, used 121981K [0x0000000080000000, 0x0000000088f00000, 0x00000000d5580000)
  object space 146432K, 83% used [0x0000000080000000,0x000000008771f628,0x0000000088f00000)
 Metaspace       used 75665K, capacity 80116K, committed 80472K, reserved 1120256K
  class space    used 9672K, capacity 10501K, committed 10624K, reserved 1048576K
Event: 9842.856 GC heap after
Heap after GC invocations=38 (full 3):
 PSYoungGen      total 250368K, used 37001K [0x00000000d5580000, 0x00000000eb380000, 0x0000000100000000)
  eden space 212992K, 0% used [0x00000000d5580000,0x00000000d5580000,0x00000000e2580000)
  from space 37376K, 98% used [0x00000000e2d00000,0x00000000e5122438,0x00000000e5180000)
  to   space 72704K, 0% used [0x00000000e6c80000,0x00000000e6c80000,0x00000000eb380000)
 ParOldGen       total 146432K, used 123213K [0x0000000080000000, 0x0000000088f00000, 0x00000000d5580000)
  object space 146432K, 84% used [0x0000000080000000,0x0000000087853678,0x0000000088f00000)
 Metaspace       used 75665K, capacity 80116K, committed 80472K, reserved 1120256K
  class space    used 9672K, capacity 10501K, committed 10624K, reserved 1048576K
}
Event: 10405.738 GC heap before
{Heap before GC invocations=39 (full 3):
 PSYoungGen      total 250368K, used 249993K [0x00000000d5580000, 0x00000000eb380000, 0x0000000100000000)
  eden space 212992K, 100% used [0x00000000d5580000,0x00000000e2580000,0x00000000e2580000)
  from space 37376K, 98% used [0x00000000e2d00000,0x00000000e5122438,0x00000000e5180000)
  to   space 72704K, 0% used [0x00000000e6c80000,0x00000000e6c80000,0x00000000eb380000)
 ParOldGen       total 146432K, used 123213K [0x0000000080000000, 0x0000000088f00000, 0x00000000d5580000)
  object space 146432K, 84% used [0x0000000080000000,0x0000000087853678,0x0000000088f00000)
 Metaspace       used 76487K, capacity 80998K, committed 81240K, reserved 1120256K
  class space    used 9750K, capacity 10578K, committed 10624K, reserved 1048576K
Event: 10405.752 GC heap after
Heap after GC invocations=39 (full 3):
 PSYoungGen      total 269312K, used 24100K [0x00000000d5580000, 0x00000000eaa80000, 0x0000000100000000)
  eden space 205824K, 0% used [0x00000000d5580000,0x00000000d5580000,0x00000000e1e80000)
  from space 63488K, 37% used [0x00000000e6c80000,0x00000000e84093a8,0x00000000eaa80000)
  to   space 71680K, 0% used [0x00000000e1e80000,0x00000000e1e80000,0x00000000e6480000)
 ParOldGen       total 146432K, used 137146K [0x0000000080000000, 0x0000000088f00000, 0x00000000d5580000)
  object space 146432K, 93% used [0x0000000080000000,0x00000000885eebf8,0x0000000088f00000)
 Metaspace       used 76487K, capacity 80998K, committed 81240K, reserved 1120256K
  class space    used 9750K, capacity 10578K, committed 10624K, reserved 1048576K
}
Event: 10405.752 GC heap before
{Heap before GC invocations=40 (full 4):
 PSYoungGen      total 269312K, used 24100K [0x00000000d5580000, 0x00000000eaa80000, 0x0000000100000000)
  eden space 205824K, 0% used [0x00000000d5580000,0x00000000d5580000,0x00000000e1e80000)
  from space 63488K, 37% used [0x00000000e6c80000,0x00000000e84093a8,0x00000000eaa80000)
  to   space 71680K, 0% used [0x00000000e1e80000,0x00000000e1e80000,0x00000000e6480000)
 ParOldGen       total 146432K, used 137146K [0x0000000080000000, 0x0000000088f00000, 0x00000000d5580000)
  object space 146432K, 93% used [0x0000000080000000,0x00000000885eebf8,0x0000000088f00000)
 Metaspace       used 76487K, capacity 80998K, committed 81240K, reserved 1120256K
  class space    used 9750K, capacity 10578K, committed 10624K, reserved 1048576K
Event: 10405.930 GC heap after
Heap after GC invocations=40 (full 4):
 PSYoungGen      total 269312K, used 0K [0x00000000d5580000, 0x00000000eaa80000, 0x0000000100000000)
  eden space 205824K, 0% used [0x00000000d5580000,0x00000000d5580000,0x00000000e1e80000)
  from space 63488K, 0% used [0x00000000e6c80000,0x00000000e6c80000,0x00000000eaa80000)
  to   space 71680K, 0% used [0x00000000e1e80000,0x00000000e1e80000,0x00000000e6480000)
 ParOldGen       total 196608K, used 55629K [0x0000000080000000, 0x000000008c000000, 0x00000000d5580000)
  object space 196608K, 28% used [0x0000000080000000,0x0000000083653718,0x000000008c000000)
 Metaspace       used 75214K, capacity 79014K, committed 81240K, reserved 1120256K
  class space    used 9480K, capacity 10167K, committed 10624K, reserved 1048576K
}
Event: 10407.169 GC heap before
{Heap before GC invocations=41 (full 4):
 PSYoungGen      total 269312K, used 205824K [0x00000000d5580000, 0x00000000eaa80000, 0x0000000100000000)
  eden space 205824K, 100% used [0x00000000d5580000,0x00000000e1e80000,0x00000000e1e80000)
  from space 63488K, 0% used [0x00000000e6c80000,0x00000000e6c80000,0x00000000eaa80000)
  to   space 71680K, 0% used [0x00000000e1e80000,0x00000000e1e80000,0x00000000e6480000)
 ParOldGen       total 196608K, used 55629K [0x0000000080000000, 0x000000008c000000, 0x00000000d5580000)
  object space 196608K, 28% used [0x0000000080000000,0x0000000083653718,0x000000008c000000)
 Metaspace       used 75268K, capacity 79142K, committed 81240K, reserved 1120256K
  class space    used 9480K, capacity 10167K, committed 10624K, reserved 1048576K
Event: 10407.179 GC heap after
Heap after GC invocations=41 (full 4):
 PSYoungGen      total 277504K, used 58018K [0x00000000d5580000, 0x00000000ec600000, 0x0000000100000000)
  eden space 205824K, 0% used [0x00000000d5580000,0x00000000d5580000,0x00000000e1e80000)
  from space 71680K, 80% used [0x00000000e1e80000,0x00000000e5728a60,0x00000000e6480000)
  to   space 75776K, 0% used [0x00000000e7c00000,0x00000000e7c00000,0x00000000ec600000)
 ParOldGen       total 196608K, used 55637K [0x0000000080000000, 0x000000008c000000, 0x00000000d5580000)
  object space 196608K, 28% used [0x0000000080000000,0x0000000083655718,0x000000008c000000)
 Metaspace       used 75268K, capacity 79142K, committed 81240K, reserved 1120256K
  class space    used 9480K, capacity 10167K, committed 10624K, reserved 1048576K
}
Event: 10407.809 GC heap before
{Heap before GC invocations=42 (full 4):
 PSYoungGen      total 277504K, used 261950K [0x00000000d5580000, 0x00000000ec600000, 0x0000000100000000)
  eden space 205824K, 99% used [0x00000000d5580000,0x00000000e1ca7150,0x00000000e1e80000)
  from space 71680K, 80% used [0x00000000e1e80000,0x00000000e5728a60,0x00000000e6480000)
  to   space 75776K, 0% used [0x00000000e7c00000,0x00000000e7c00000,0x00000000ec600000)
 ParOldGen       total 196608K, used 55637K [0x0000000080000000, 0x000000008c000000, 0x00000000d5580000)
  object space 196608K, 28% used [0x0000000080000000,0x0000000083655718,0x000000008c000000)
 Metaspace       used 75316K, capacity 79172K, committed 81240K, reserved 1120256K
  class space    used 9488K, capacity 10174K, committed 10624K, reserved 1048576K
Event: 10407.815 GC heap after
Heap after GC invocations=42 (full 4):
 PSYoungGen      total 302080K, used 22992K [0x00000000d5580000, 0x00000000ec600000, 0x0000000100000000)
  eden space 226304K, 0% used [0x00000000d5580000,0x00000000d5580000,0x00000000e3280000)
  from space 75776K, 30% used [0x00000000e7c00000,0x00000000e9274220,0x00000000ec600000)
  to   space 75264K, 0% used [0x00000000e3280000,0x00000000e3280000,0x00000000e7c00000)
 ParOldGen       total 196608K, used 55645K [0x0000000080000000, 0x000000008c000000, 0x00000000d5580000)
  object space 196608K, 28% used [0x0000000080000000,0x0000000083657718,0x000000008c000000)
 Metaspace       used 75316K, capacity 79172K, committed 81240K, reserved 1120256K
  class space    used 9488K, capacity 10174K, committed 10624K, reserved 1048576K
}

